{"total": {"lines":{"total":91,"covered":83,"skipped":0,"pct":91.2},"statements":{"total":92,"covered":83,"skipped":0,"pct":90.21},"functions":{"total":18,"covered":12,"skipped":0,"pct":66.66},"branches":{"total":6,"covered":2,"skipped":0,"pct":33.33},"branchesTrue":{"total":0,"covered":0,"skipped":0,"pct":100}}
,"C:\\Users\\User\\Desktop\\pc-courses\\Web-Lab-5\\Web-Lab-5\\src\\components\\FaqSection.vue": {"lines":{"total":20,"covered":18,"skipped":0,"pct":90},"functions":{"total":5,"covered":3,"skipped":0,"pct":60},"statements":{"total":20,"covered":18,"skipped":0,"pct":90},"branches":{"total":4,"covered":1,"skipped":0,"pct":25}}
,"C:\\Users\\User\\Desktop\\pc-courses\\Web-Lab-5\\Web-Lab-5\\src\\components\\MainContent.vue": {"lines":{"total":41,"covered":35,"skipped":0,"pct":85.36},"functions":{"total":10,"covered":6,"skipped":0,"pct":60},"statements":{"total":42,"covered":35,"skipped":0,"pct":83.33},"branches":{"total":2,"covered":1,"skipped":0,"pct":50}}
,"C:\\Users\\User\\Desktop\\pc-courses\\Web-Lab-5\\Web-Lab-5\\src\\components\\SearchSection.vue": {"lines":{"total":17,"covered":17,"skipped":0,"pct":100},"functions":{"total":2,"covered":2,"skipped":0,"pct":100},"statements":{"total":17,"covered":17,"skipped":0,"pct":100},"branches":{"total":0,"covered":0,"skipped":0,"pct":100}}
,"C:\\Users\\User\\Desktop\\pc-courses\\Web-Lab-5\\Web-Lab-5\\src\\pages\\Home.vue": {"lines":{"total":13,"covered":13,"skipped":0,"pct":100},"functions":{"total":1,"covered":1,"skipped":0,"pct":100},"statements":{"total":13,"covered":13,"skipped":0,"pct":100},"branches":{"total":0,"covered":0,"skipped":0,"pct":100}}
}
